Using pre-set license
Built from '2020.3/release' branch; Version is '2020.3.1f1 (77a89f25062f) revision 7841951'; Using compiler version '192528614'; Build Type 'Release'
OS: 'Windows 10 Education; OS build 19044.1706; Version 2009; 64bit' Language: 'tr' Physical Memory: 5593 MB
BatchMode: 1, IsHumanControllingUs: 0, StartBugReporterOnCrash: 0, Is64bit: 1, IsPro: 0

 COMMAND LINE ARGUMENTS:
C:\Users\Samsung\Desktop\unity motoru\Editor\Unity.exe
-adb2
-batchMode
-noUpm
-name
AssetImportWorker0
-projectPath
C:/Users/Samsung/Desktop/unit oyun motoru/build
-logFile
Logs/AssetImportWorker0.log
-srvPort
61348
Successfully changed project path to: C:/Users/Samsung/Desktop/unit oyun motoru/build
C:/Users/Samsung/Desktop/unit oyun motoru/build
Using Asset Import Pipeline V2.
Refreshing native plugins compatible for Editor in 91.97 ms, found 0 plugins.
Preloading 0 native plugins for Editor in 0.00 ms.
Initialize engine version: 2020.3.1f1 (77a89f25062f)
[Subsystems] Discovering subsystems at path C:/Users/Samsung/Desktop/unity motoru/Editor/Data/Resources/UnitySubsystems
[Subsystems] Discovering subsystems at path C:/Users/Samsung/Desktop/unit oyun motoru/build/Assets
GfxDevice: creating device client; threaded=0
Direct3D:
    Version:  Direct3D 11.0 [level 11.0]
    Renderer: AMD Radeon HD 7640G (ID=0x9903)
    Vendor:   
    VRAM:     2511 MB
    Driver:   15.301.1901.0
Initialize mono
Mono path[0] = 'C:/Users/Samsung/Desktop/unity motoru/Editor/Data/Managed'
Mono path[1] = 'C:/Users/Samsung/Desktop/unity motoru/Editor/Data/MonoBleedingEdge/lib/mono/unityjit'
Mono config path = 'C:/Users/Samsung/Desktop/unity motoru/Editor/Data/MonoBleedingEdge/etc'
Using monoOptions --debugger-agent=transport=dt_socket,embedding=1,server=y,suspend=n,address=127.0.0.1:56092
Begin MonoManager ReloadAssembly
Registering precompiled unity dll's ...
Register platform support module: C:/Users/Samsung/Desktop/unity motoru/Editor/Data/PlaybackEngines/WindowsStandaloneSupport/UnityEditor.WindowsStandalone.Extensions.dll
Registered in 0.006132 seconds.
Native extension for WindowsStandalone target not found
Refreshing native plugins compatible for Editor in 83.13 ms, found 0 plugins.
Preloading 0 native plugins for Editor in 0.00 ms.
Invoked RoslynAnalysisRunner static constructor.
RoslynAnalysisRunner will not be running.
RoslynAnalysisRunner has terminated.
Mono: successfully reloaded assembly
- Completed reload, in  3.089 seconds
Platform modules already initialized, skipping
Registering precompiled user dll's ...
Registered in 0.001821 seconds.
Begin MonoManager ReloadAssembly
Native extension for WindowsStandalone target not found
Refreshing native plugins compatible for Editor in 0.60 ms, found 0 plugins.
Preloading 0 native plugins for Editor in 0.00 ms.
Invoked RoslynAnalysisRunner static constructor.
RoslynAnalysisRunner will not be running.
RoslynAnalysisRunner has terminated.
Mono: successfully reloaded assembly
- Completed reload, in  2.659 seconds
Platform modules already initialized, skipping
========================================================================
Worker process is ready to serve import requests
Launched and connected shader compiler UnityShaderCompiler.exe after 0.11 seconds
Refreshing native plugins compatible for Editor in 0.50 ms, found 0 plugins.
Preloading 0 native plugins for Editor in 0.00 ms.
Unloading 1163 Unused Serialized files (Serialized files now loaded: 0)
System memory in use before: 60.7 MB.
System memory in use after: 60.7 MB.

Unloading 10 unused Assets to reduce memory usage. Loaded Objects now: 1609.
Total: 4.965200 ms (FindLiveObjects: 0.435200 ms CreateObjectMapping: 0.139800 ms MarkObjects: 4.152400 ms  DeleteObjects: 0.234500 ms)

========================================================================
Received Import Request.
  path: Assets/script/enemyMovement.cs
  artifactKey: Guid(8b10ae09ac6741d4a81214981988a6fd) Importer(815301076,1909f56bfc062723c751e8b465ee728b)
Start importing Assets/script/enemyMovement.cs using Guid(8b10ae09ac6741d4a81214981988a6fd) Importer(815301076,1909f56bfc062723c751e8b465ee728b)  -> (artifact id: '7ac5e613528d0c07916f5abb92235377') in 0.136320 seconds
  Import took 0.155762 seconds .

========================================================================
Received Prepare
Registering precompiled user dll's ...
Registered in 0.001833 seconds.
Begin MonoManager ReloadAssembly
Native extension for WindowsStandalone target not found
Refreshing native plugins compatible for Editor in 0.53 ms, found 0 plugins.
Preloading 0 native plugins for Editor in 0.00 ms.
Invoked RoslynAnalysisRunner static constructor.
RoslynAnalysisRunner will not be running.
RoslynAnalysisRunner has terminated.
Mono: successfully reloaded assembly
- Completed reload, in  2.817 seconds
Platform modules already initialized, skipping
Refreshing native plugins compatible for Editor in 0.60 ms, found 0 plugins.
Preloading 0 native plugins for Editor in 0.00 ms.
Unloading 1145 Unused Serialized files (Serialized files now loaded: 0)
System memory in use before: 59.6 MB.
System memory in use after: 59.7 MB.

Unloading 5 unused Assets to reduce memory usage. Loaded Objects now: 1612.
Total: 5.046200 ms (FindLiveObjects: 0.458100 ms CreateObjectMapping: 0.299900 ms MarkObjects: 4.144900 ms  DeleteObjects: 0.140400 ms)

========================================================================
Received Prepare
Registering precompiled user dll's ...
Registered in 0.001769 seconds.
Begin MonoManager ReloadAssembly
Native extension for WindowsStandalone target not found
Refreshing native plugins compatible for Editor in 0.55 ms, found 0 plugins.
Preloading 0 native plugins for Editor in 0.00 ms.
Invoked RoslynAnalysisRunner static constructor.
RoslynAnalysisRunner will not be running.
RoslynAnalysisRunner has terminated.
Mono: successfully reloaded assembly
- Completed reload, in  2.594 seconds
Platform modules already initialized, skipping
Refreshing native plugins compatible for Editor in 0.58 ms, found 0 plugins.
Preloading 0 native plugins for Editor in 0.00 ms.
Unloading 1145 Unused Serialized files (Serialized files now loaded: 0)
System memory in use before: 59.6 MB.
System memory in use after: 59.7 MB.

Unloading 5 unused Assets to reduce memory usage. Loaded Objects now: 1615.
Total: 4.235900 ms (FindLiveObjects: 0.566000 ms CreateObjectMapping: 0.319600 ms MarkObjects: 3.206200 ms  DeleteObjects: 0.141200 ms)

========================================================================
Received Import Request.
  Time since last request: 600.427079 seconds.
  path: Assets/Scenes/Main1.unity
  artifactKey: Guid(a0114301596fd7c4d9d2c98af4ec1d95) Importer(815301076,1909f56bfc062723c751e8b465ee728b)
Start importing Assets/Scenes/Main1.unity using Guid(a0114301596fd7c4d9d2c98af4ec1d95) Importer(815301076,1909f56bfc062723c751e8b465ee728b)  -> (artifact id: '2cfa2824a93bc92499ff190f22312985') in 0.078915 seconds
  Import took 0.143026 seconds .

========================================================================
Received Prepare
Registering precompiled user dll's ...
Registered in 0.001732 seconds.
Begin MonoManager ReloadAssembly
Native extension for WindowsStandalone target not found
Refreshing native plugins compatible for Editor in 0.51 ms, found 0 plugins.
Preloading 0 native plugins for Editor in 0.00 ms.
Invoked RoslynAnalysisRunner static constructor.
RoslynAnalysisRunner will not be running.
RoslynAnalysisRunner has terminated.
Mono: successfully reloaded assembly
- Completed reload, in  2.668 seconds
Platform modules already initialized, skipping
Refreshing native plugins compatible for Editor in 0.61 ms, found 0 plugins.
Preloading 0 native plugins for Editor in 0.00 ms.
Unloading 1145 Unused Serialized files (Serialized files now loaded: 0)
System memory in use before: 59.6 MB.
System memory in use after: 59.7 MB.

Unloading 5 unused Assets to reduce memory usage. Loaded Objects now: 1618.
Total: 4.764500 ms (FindLiveObjects: 0.767100 ms CreateObjectMapping: 0.147000 ms MarkObjects: 3.717500 ms  DeleteObjects: 0.129400 ms)

========================================================================
Received Prepare
Refreshing native plugins compatible for Editor in 5.55 ms, found 0 plugins.
Preloading 0 native plugins for Editor in 0.00 ms.
Unloading 3 Unused Serialized files (Serialized files now loaded: 0)
System memory in use before: 37.0 MB.
System memory in use after: 37.1 MB.

Unloading 3 unused Assets to reduce memory usage. Loaded Objects now: 1618.
Total: 16.168200 ms (FindLiveObjects: 0.653700 ms CreateObjectMapping: 0.199400 ms MarkObjects: 15.141300 ms  DeleteObjects: 0.170800 ms)

AssetImportWorkerClient::OnTransportError - code=2 error=End of file
